<?xml version="1.0" encoding="UTF-8"?>
<!-- Generated by org.testng.reporters.JUnitXMLReporter -->
<testsuite hostname="LAPTOP-21F1LVAQ" ignored="0" name="Test" tests="7" failures="0" timestamp="22 Feb 2019 08:09:18 GMT" time="165.783" errors="0">
  <testcase name="test1" time="0.016" classname="package1.Test1"/>
  <testcase name="test2" time="0.0" classname="package1.Test2"/>
  <testcase name="test7" time="0.0" classname="package1.Test7"/>
  <testcase name="test5" time="0.002" classname="package1.Test5"/>
  <testcase name="test6" time="0.0" classname="package1.Test6"/>
  <testcase name="test3" time="0.0" classname="package1.Test3"/>
  <testcase name="test4" time="0.0" classname="package1.Test4"/>
</testsuite> <!-- Test -->
